<?xml version="1.0" encoding="UTF-8"?>
<!-- Generated by org.testng.reporters.JUnitXMLReporter -->
<testsuite ignored="0" hostname="DESKTOP-BIQMH6D" failures="1" tests="4" name="Dependency Test" time="0.039" errors="0" timestamp="2021-05-26T23:09:04 IST">
  <testcase classname="testcases.TestCase4" name="doUserReg" time="0.003">
    <failure type="java.lang.AssertionError" message="User not registered sucessfully">
      <![CDATA[java.lang.AssertionError: User not registered sucessfully
at testcases.TestCase4.doUserReg(TestCase4.java:12)
at java.base/java.util.ArrayList.forEach(ArrayList.java:1511)
... Removed 29 stack frames]]>
    </failure>
  </testcase> <!-- doUserReg -->
  <testcase classname="testcases.TestCase4" name="doLogin" time="0.0">
    <skipped/>
  </testcase> <!-- doLogin -->
  <testcase classname="testcases.TestCase4" name="thirdTest" time="0.002"/>
  <testcase classname="testcases.TestCase4" name="fourthTest" time="0.0">
    <skipped/>
  </testcase> <!-- fourthTest -->
</testsuite> <!-- Dependency Test -->
