<?xml version="1.0" encoding="UTF-8"?>
<!-- Generated by org.testng.reporters.JUnitXMLReporter -->
<testsuite ignored="0" hostname="DESKTOP-BIQMH6D" failures="1" tests="3" name="Validate Title Test" time="0.026" errors="0" timestamp="2021-05-26T23:09:03 IST">
  <testcase classname="testcases.TestCase1" name="doUserReg" time="0.002"/>
  <testcase classname="testcases.TestCase1" name="doLogin" time="0.002"/>
  <testcase classname="testcases.TestCase2" name="validateTitles" time="0.005">
    <failure type="java.lang.AssertionError" message="expected [yahoo.com] but found [Gmail.com]">
      <![CDATA[java.lang.AssertionError: expected [yahoo.com] but found [Gmail.com]
at testcases.TestCase2.validateTitles(TestCase2.java:28)
at java.base/java.util.ArrayList.forEach(ArrayList.java:1511)
... Removed 34 stack frames]]>
    </failure>
  </testcase> <!-- validateTitles -->
</testsuite> <!-- Validate Title Test -->
